<?xml version="1.0" encoding="UTF-8"?>
<!-- Generated by org.testng.reporters.JUnitXMLReporter -->
<testsuite hostname="DESKTOP-USPQ1LK" ignored="0" name="Default test" tests="3" failures="0" timestamp="2020-05-25T14:13:12 IST" time="0.145" errors="0">
  <testcase name="Finance" time="0.034" classname="Test.Parameterising"/>
  <testcase name="HR" time="0.015" classname="Test.Parameterising"/>
  <testcase name="Office" time="0.016" classname="Test.Parameterising"/>
</testsuite> <!-- Default test -->
