<?xml version="1.0" encoding="UTF-8"?>
<!-- Generated by org.testng.reporters.JUnitXMLReporter -->
<testsuite hostname="DESKTOP-USPQ1LK" ignored="0" name="Demo" tests="12" failures="0" timestamp="2020-05-24T15:49:12 IST" time="0.253" errors="0">
  <testcase name="Demo" time="0.02" classname="Test.Day1"/>
  <testcase name="Finance" time="0.003" classname="Test.Demo1"/>
  <testcase name="HR" time="0.004" classname="Test.Demo1"/>
  <testcase name="Office" time="0.002" classname="Test.Demo1"/>
  <testcase name="Fee" time="0.004" classname="Test.Demo2"/>
  <testcase name="School" time="0.002" classname="Test.Demo2"/>
  <testcase name="Sports" time="0.003" classname="Test.Demo2"/>
  <testcase name="TEsting3" time="0.009" classname="Test.Demo3"/>
  <testcase name="Testing" time="0.005" classname="Test.Demo3"/>
  <testcase name="Testing1" time="0.003" classname="Test.Demo3"/>
  <testcase name="Demo" time="0.005" classname="Test.Part2"/>
  <testcase name="Demo1" time="0.007" classname="Test.Part2"/>
</testsuite> <!-- Demo -->
