<?xml version="1.0" encoding="UTF-8"?>
<!-- Generated by org.testng.reporters.JUnitXMLReporter -->
<testsuite hostname="DESKTOP-USPQ1LK" ignored="1" name="Sample" tests="5" failures="0" timestamp="2020-05-24T18:07:09 IST" time="0.031" errors="0">
  <testcase name="Finance" time="0.0" classname="Test.Demo1"/>
  <testcase name="HR" time="0.0" classname="Test.Demo1"/>
  <testcase name="Office" time="0.0" classname="Test.Demo1"/>
  <testcase name="School" time="0.0" classname="Test.Demo2"/>
  <testcase name="Sports" time="0.0" classname="Test.Demo2"/>
  <testcase name="Fee" time="0.0" classname="Test.Demo2">
    <ignored/>
  </testcase> <!-- Fee -->
</testsuite> <!-- Sample -->
