<?xml version="1.0" encoding="UTF-8"?>
<!-- Generated by org.testng.reporters.JUnitXMLReporter -->
<testsuite hostname="DESKTOP-USPQ1LK" ignored="2" name="XYZ" tests="1" failures="0" timestamp="2020-05-24T18:07:09 IST" time="0.016" errors="0">
  <testcase name="TEsting3" time="0.016" classname="Test.Demo3"/>
  <testcase name="Testing1" time="0.0" classname="Test.Demo3">
    <ignored/>
  </testcase> <!-- Testing1 -->
  <testcase name="Testing" time="0.0" classname="Test.Demo3">
    <ignored/>
  </testcase> <!-- Testing -->
</testsuite> <!-- XYZ -->
